#
# There is insufficient memory for the Java Runtime Environment to continue.
# Native memory allocation (malloc) failed to allocate 1048576 bytes. Error detail: AllocateHeap
# Possible reasons:
#   The system is out of physical RAM or swap space
#   This process is running with CompressedOops enabled, and the Java Heap may be blocking the growth of the native heap
# Possible solutions:
#   Reduce memory load on the system
#   Increase physical memory or swap space
#   Check if swap backing store is full
#   Decrease Java heap size (-Xmx/-Xms)
#   Decrease number of Java threads
#   Decrease Java thread stack sizes (-Xss)
#   Set larger code cache with -XX:ReservedCodeCacheSize=
#   JVM is running with Unscaled Compressed Oops mode in which the Java heap is
#     placed in the first 4GB address space. The Java Heap base address is the
#     maximum limit for the native heap growth. Please use -XX:HeapBaseMinAddress
#     to set the Java Heap base and to place the Java Heap above 4GB virtual address.
# This output file may be truncated or incomplete.
#
#  Out of Memory Error (allocation.cpp:44), pid=20056, tid=11144
#
# JRE version:  (21.0.9+10) (build )
# Java VM: OpenJDK 64-Bit Server VM (21.0.9+10-LTS, mixed mode, sharing, tiered, compressed oops, compressed class ptrs, parallel gc, windows-amd64)
# No core dump will be written. Minidumps are not enabled by default on client versions of Windows
#

---------------  S U M M A R Y ------------

Command Line: --add-modules=ALL-SYSTEM --add-opens=java.base/java.util=ALL-UNNAMED --add-opens=java.base/java.lang=ALL-UNNAMED --add-opens=java.base/sun.nio.fs=ALL-UNNAMED -Declipse.application=org.eclipse.jdt.ls.core.id1 -Dosgi.bundles.defaultStartLevel=4 -Declipse.product=org.eclipse.jdt.ls.core.product -Djava.import.generatesMetadataFilesAtProjectRoot=false -DDetectVMInstallationsJob.disabled=true -Dfile.encoding=utf8 -XX:+UseParallelGC -XX:GCTimeRatio=4 -XX:AdaptiveSizePolicyWeight=90 -Dsun.zip.disableMemoryMapping=true -Xmx2G -Xms100m -Xlog:disable -javaagent:c:\Users\Seema\.vscode\extensions\redhat.java-1.52.0-win32-x64\lombok\lombok-1.18.39-4050.jar c:\Users\Seema\.vscode\extensions\redhat.java-1.52.0-win32-x64\server\plugins\org.eclipse.equinox.launcher_1.7.100.v20251111-0406.jar -configuration c:\Users\Seema\AppData\Roaming\Code\User\globalStorage\redhat.java\1.52.0\config_ss_win -data c:\Users\Seema\AppData\Roaming\Code\User\workspaceStorage\92db9e0908059bac46d5c4ba824add29\redhat.java\ss_ws --pipe=\\.\pipe\lsp-79f1b6424d82ea17e329717e4fb3c0b3-sock

Host: 11th Gen Intel(R) Core(TM) i5-1155G7 @ 2.50GHz, 8 cores, 15G,  Windows 11 , 64 bit Build 22621 (10.0.22621.4974)
Time: Wed Apr  1 19:05:24 2026 India Standard Time elapsed time: 0.160623 seconds (0d 0h 0m 0s)

---------------  T H R E A D  ---------------

Current thread (0x000002b5ac6ffb70):  JavaThread "Unknown thread" [_thread_in_vm, id=11144, stack(0x000000ffa1800000,0x000000ffa1900000) (1024K)]

Stack: [0x000000ffa1800000,0x000000ffa1900000]
Native frames: (J=compiled Java code, j=interpreted, Vv=VM code, C=native code)
V  [jvm.dll+0x6d6e29]
V  [jvm.dll+0x8b4b76]
V  [jvm.dll+0x8b712e]
V  [jvm.dll+0x8b7813]
V  [jvm.dll+0x283d86]
V  [jvm.dll+0xc1277]
V  [jvm.dll+0x70afc0]
V  [jvm.dll+0x70bb2c]
V  [jvm.dll+0x6e59c3]
V  [jvm.dll+0x87e58c]
V  [jvm.dll+0x3c42fc]
V  [jvm.dll+0x86727b]
V  [jvm.dll+0x457391]
V  [jvm.dll+0x458f81]
C  [jli.dll+0x52d0]
C  [ucrtbase.dll+0x29333]
C  [KERNEL32.DLL+0x1259d]
C  [ntdll.dll+0x5af38]


---------------  P R O C E S S  ---------------

Threads class SMR info:
_java_thread_list=0x000002b5ac71a750, length=1, elements={
0x000002b5ac6ffb70
}

Java Threads: ( => current thread )
=>0x000002b5ac6ffb70 JavaThread "Unknown thread"             [_thread_in_vm, id=11144, stack(0x000000ffa1800000,0x000000ffa1900000) (1024K)]
Total: 1

Other Threads:
  0x000002b5ac765720 WatcherThread "VM Periodic Task Thread"        [id=30792, stack(0x000000ffa1a00000,0x000000ffa1b00000) (1024K)]
  0x000002b5ac7173d0 WorkerThread "GC Thread#0"                     [id=30252, stack(0x000000ffa1900000,0x000000ffa1a00000) (1024K)]
Total: 2

Threads with active compile tasks:
Total: 0

VM state: not at safepoint (normal execution)

VM Mutex/Monitor currently owned by a thread: None

Heap address: 0x0000000080000000, size: 2048 MB, Compressed Oops mode: 32-bit

CDS archive(s) mapped at: [0x000002b5c3000000-0x000002b5c3ba0000-0x000002b5c3ba0000), size 12189696, SharedBaseAddress: 0x000002b5c3000000, ArchiveRelocationMode: 1.
Compressed class space mapped at: 0x000002b5c4000000-0x000002b604000000, reserved size: 1073741824
Narrow klass base: 0x000002b5c3000000, Narrow klass shift: 0, Narrow klass range: 0x100000000

GC Precious Log:
 CardTable entry size: 512
 CPUs: 8 total, 8 available
 Memory: 16133M
 Large Page Support: Disabled
 NUMA Support: Disabled
 Compressed Oops: Enabled (32-bit)
 Alignments: Space 512K, Generation 512K, Heap 2M
 Heap Min Capacity: 100M
 Heap Initial Capacity: 100M
 Heap Max Capacity: 2G
 Pre-touch: Disabled
 Parallel Workers: 8

Heap:
 PSYoungGen      total 29696K, used 512K [0x00000000d5580000, 0x00000000d7680000, 0x0000000100000000)
  eden space 25600K, 2% used [0x00000000d5580000,0x00000000d5600020,0x00000000d6e80000)
  from space 4096K, 0% used [0x00000000d7280000,0x00000000d7280000,0x00000000d7680000)
  to   space 4096K, 0% used [0x00000000d6e80000,0x00000000d6e80000,0x00000000d7280000)
 ParOldGen       total 68608K, used 0K [0x0000000080000000, 0x0000000084300000, 0x00000000d5580000)
  object space 68608K, 0% used [0x0000000080000000,0x0000000080000000,0x0000000084300000)
 Metaspace       used 0K, committed 0K, reserved 1048576K
  class space    used 0K, committed 0K, reserved 1048576K

Card table byte_map: [0x000002b5ac0c0000,0x000002b5ac4d0000] _byte_map_base: 0x000002b5abcc0000

Marking Bits: (ParMarkBitMap*) 0x00007fff407a2460
 Begin Bits: [0x000002b5beba0000, 0x000002b5c0ba0000)
 End Bits:   [0x000002b5c0ba0000, 0x000002b5c2ba0000)

Polling page: 0x000002b5abeb0000

Metaspace:

Usage:
  Non-class:      0 bytes used.
      Class:      0 bytes used.
       Both:      0 bytes used.

Virtual space:
  Non-class space:        0 bytes reserved,       0 bytes (  ?%) committed,  0 nodes.
      Class space:        1.00 GB reserved,       0 bytes (  0%) committed,  1 nodes.
             Both:        1.00 GB reserved,       0 bytes (  0%) committed. 

Chunk freelists:
   Non-Class:  0 bytes
       Class:  16.00 MB
        Both:  16.00 MB

MaxMetaspaceSize: unlimited
CompressedClassSpaceSize: 1.00 GB
Initial GC threshold: 21.00 MB
Current GC threshold: 17179869184.00 GB
CDS: on
 - commit_granule_bytes: 65536.
 - commit_granule_words: 8192.
 - virtual_space_node_default_size: 8388608.
 - enlarge_chunks_in_place: 1.
 - use_allocation_guard: 0.


Internal statistics:

num_allocs_failed_limit: 0.
num_arena_births: 0.
num_arena_deaths: 0.
num_vsnodes_births: 1.
num_vsnodes_deaths: 0.
num_space_committed: 0.
num_space_uncommitted: 0.
num_chunks_returned_to_freelist: 0.
num_chunks_taken_from_freelist: 1.
num_chunk_merges: 0.
num_chunk_splits: 1.
num_chunks_enlarged: 0.
num_inconsistent_stats: 0.

CodeHeap 'non-profiled nmethods': size=120000Kb used=0Kb max_used=0Kb free=120000Kb
 bounds [0x000002b5b73c0000, 0x000002b5b7630000, 0x000002b5be8f0000]
CodeHeap 'profiled nmethods': size=120000Kb used=0Kb max_used=0Kb free=120000Kb
 bounds [0x000002b5af8f0000, 0x000002b5afb60000, 0x000002b5b6e20000]
CodeHeap 'non-nmethods': size=5760Kb used=199Kb max_used=348Kb free=5560Kb
 bounds [0x000002b5b6e20000, 0x000002b5b7090000, 0x000002b5b73c0000]
CodeCache: size=245760Kb, used=199Kb, max_used=348Kb, free=245560Kb
 total_blobs=70, nmethods=0, adapters=48, full_count=0
Compilation: enabled, stopped_count=0, restarted_count=0

Compilation events (0 events):
No events

GC Heap History (0 events):
No events

Dll operation events (1 events):
Event: 0.056 Loaded shared library c:\Users\Seema\.vscode\extensions\redhat.java-1.52.0-win32-x64\jre\21.0.9-win32-x86_64\bin\java.dll

Deoptimization events (0 events):
No events

Classes loaded (0 events):
No events

Classes unloaded (0 events):
No events

Classes redefined (0 events):
No events

Internal exceptions (0 events):
No events

ZGC Phase Switch (0 events):
No events

VM Operations (0 events):
No events

Memory protections (0 events):
No events

Nmethod flushes (0 events):
No events

Events (1 events):
Event: 0.133 Thread 0x000002b5ac6ffb70 Thread added: 0x000002b5ac6ffb70


Dynamic libraries:
0x00007ff6e4ec0000 - 0x00007ff6e4ece000 	c:\Users\Seema\.vscode\extensions\redhat.java-1.52.0-win32-x64\jre\21.0.9-win32-x86_64\bin\java.exe
0x00007fffa80b0000 - 0x00007fffa82c7000 	C:\WINDOWS\SYSTEM32\ntdll.dll
0x00007fffa6480000 - 0x00007fffa6544000 	C:\WINDOWS\System32\KERNEL32.DLL
0x00007fffa5390000 - 0x00007fffa5761000 	C:\WINDOWS\System32\KERNELBASE.dll
0x00007fffa0370000 - 0x00007fffa0407000 	C:\WINDOWS\SYSTEM32\apphelp.dll
0x00007fffa5900000 - 0x00007fffa5a11000 	C:\WINDOWS\System32\ucrtbase.dll
0x00007fff9e090000 - 0x00007fff9e0ae000 	c:\Users\Seema\.vscode\extensions\redhat.java-1.52.0-win32-x64\jre\21.0.9-win32-x86_64\bin\VCRUNTIME140.dll
0x00007fff9aa60000 - 0x00007fff9aa78000 	c:\Users\Seema\.vscode\extensions\redhat.java-1.52.0-win32-x64\jre\21.0.9-win32-x86_64\bin\jli.dll
0x00007fffa7930000 - 0x00007fffa7ae1000 	C:\WINDOWS\System32\USER32.dll
0x00007fffa5810000 - 0x00007fffa5836000 	C:\WINDOWS\System32\win32u.dll
0x00007fff89dc0000 - 0x00007fff8a052000 	C:\WINDOWS\WinSxS\amd64_microsoft.windows.common-controls_6595b64144ccf1df_6.0.22621.4830_none_270fe7d773858e80\COMCTL32.dll
0x00007fffa6610000 - 0x00007fffa6639000 	C:\WINDOWS\System32\GDI32.dll
0x00007fffa6560000 - 0x00007fffa6607000 	C:\WINDOWS\System32\msvcrt.dll
0x00007fffa5270000 - 0x00007fffa538b000 	C:\WINDOWS\System32\gdi32full.dll
0x00007fffa5770000 - 0x00007fffa580a000 	C:\WINDOWS\System32\msvcp_win.dll
0x00007fffa7350000 - 0x00007fffa7381000 	C:\WINDOWS\System32\IMM32.DLL
0x00007fffa0990000 - 0x00007fffa099c000 	c:\Users\Seema\.vscode\extensions\redhat.java-1.52.0-win32-x64\jre\21.0.9-win32-x86_64\bin\vcruntime140_1.dll
0x00007fff99870000 - 0x00007fff998fd000 	c:\Users\Seema\.vscode\extensions\redhat.java-1.52.0-win32-x64\jre\21.0.9-win32-x86_64\bin\msvcp140.dll
0x00007fff3fae0000 - 0x00007fff40880000 	c:\Users\Seema\.vscode\extensions\redhat.java-1.52.0-win32-x64\jre\21.0.9-win32-x86_64\bin\server\jvm.dll
0x00007fffa5fb0000 - 0x00007fffa6061000 	C:\WINDOWS\System32\ADVAPI32.dll
0x00007fffa63d0000 - 0x00007fffa6477000 	C:\WINDOWS\System32\sechost.dll
0x00007fffa5a20000 - 0x00007fffa5a48000 	C:\WINDOWS\System32\bcrypt.dll
0x00007fffa6290000 - 0x00007fffa63a4000 	C:\WINDOWS\System32\RPCRT4.dll
0x00007fffa5d80000 - 0x00007fffa5df1000 	C:\WINDOWS\System32\WS2_32.dll
0x00007fffa50c0000 - 0x00007fffa510d000 	C:\WINDOWS\SYSTEM32\POWRPROF.dll
0x00007fffa0830000 - 0x00007fffa0864000 	C:\WINDOWS\SYSTEM32\WINMM.dll
0x00007fffa0720000 - 0x00007fffa072a000 	C:\WINDOWS\SYSTEM32\VERSION.dll
0x00007fffa50a0000 - 0x00007fffa50b3000 	C:\WINDOWS\SYSTEM32\UMPDC.dll
0x00007fffa4240000 - 0x00007fffa4258000 	C:\WINDOWS\SYSTEM32\kernel.appcore.dll
0x00007fffa04e0000 - 0x00007fffa04ea000 	c:\Users\Seema\.vscode\extensions\redhat.java-1.52.0-win32-x64\jre\21.0.9-win32-x86_64\bin\jimage.dll
0x00007fffa2710000 - 0x00007fffa2942000 	C:\WINDOWS\SYSTEM32\DBGHELP.DLL
0x00007fffa7530000 - 0x00007fffa78c0000 	C:\WINDOWS\System32\combase.dll
0x00007fffa6120000 - 0x00007fffa61f7000 	C:\WINDOWS\System32\OLEAUT32.dll
0x00007fff802b0000 - 0x00007fff802e2000 	C:\WINDOWS\SYSTEM32\dbgcore.DLL
0x00007fffa51f0000 - 0x00007fffa526b000 	C:\WINDOWS\System32\bcryptPrimitives.dll
0x00007fff9a210000 - 0x00007fff9a21f000 	c:\Users\Seema\.vscode\extensions\redhat.java-1.52.0-win32-x64\jre\21.0.9-win32-x86_64\bin\instrument.dll
0x00007fff99850000 - 0x00007fff99870000 	c:\Users\Seema\.vscode\extensions\redhat.java-1.52.0-win32-x64\jre\21.0.9-win32-x86_64\bin\java.dll

JVMTI agents:
c:\Users\Seema\.vscode\extensions\redhat.java-1.52.0-win32-x64\lombok\lombok-1.18.39-4050.jar path:none, loaded, not initialized, instrumentlib options:none

dbghelp: loaded successfully - version: 4.0.5 - missing functions: none
symbol engine: initialized successfully - sym options: 0x614 - pdb path: .;c:\Users\Seema\.vscode\extensions\redhat.java-1.52.0-win32-x64\jre\21.0.9-win32-x86_64\bin;C:\WINDOWS\SYSTEM32;C:\WINDOWS\WinSxS\amd64_microsoft.windows.common-controls_6595b64144ccf1df_6.0.22621.4830_none_270fe7d773858e80;c:\Users\Seema\.vscode\extensions\redhat.java-1.52.0-win32-x64\jre\21.0.9-win32-x86_64\bin\server

VM Arguments:
jvm_args: --add-modules=ALL-SYSTEM --add-opens=java.base/java.util=ALL-UNNAMED --add-opens=java.base/java.lang=ALL-UNNAMED --add-opens=java.base/sun.nio.fs=ALL-UNNAMED -Declipse.application=org.eclipse.jdt.ls.core.id1 -Dosgi.bundles.defaultStartLevel=4 -Declipse.product=org.eclipse.jdt.ls.core.product -Djava.import.generatesMetadataFilesAtProjectRoot=false -DDetectVMInstallationsJob.disabled=true -Dfile.encoding=utf8 -XX:+UseParallelGC -XX:GCTimeRatio=4 -XX:AdaptiveSizePolicyWeight=90 -Dsun.zip.disableMemoryMapping=true -Xmx2G -Xms100m -Xlog:disable -javaagent:c:\Users\Seema\.vscode\extensions\redhat.java-1.52.0-win32-x64\lombok\lombok-1.18.39-4050.jar 
java_command: c:\Users\Seema\.vscode\extensions\redhat.java-1.52.0-win32-x64\server\plugins\org.eclipse.equinox.launcher_1.7.100.v20251111-0406.jar -configuration c:\Users\Seema\AppData\Roaming\Code\User\globalStorage\redhat.java\1.52.0\config_ss_win -data c:\Users\Seema\AppData\Roaming\Code\User\workspaceStorage\92db9e0908059bac46d5c4ba824add29\redhat.java\ss_ws --pipe=\\.\pipe\lsp-79f1b6424d82ea17e329717e4fb3c0b3-sock
java_class_path (initial): c:\Users\Seema\.vscode\extensions\redhat.java-1.52.0-win32-x64\server\plugins\org.eclipse.equinox.launcher_1.7.100.v20251111-0406.jar
Launcher Type: SUN_STANDARD

[Global flags]
    uintx AdaptiveSizePolicyWeight                 = 90                                        {product} {command line}
     intx CICompilerCount                          = 4                                         {product} {ergonomic}
    uintx GCTimeRatio                              = 4                                         {product} {command line}
   size_t InitialHeapSize                          = 104857600                                 {product} {command line}
   size_t MaxHeapSize                              = 2147483648                                {product} {command line}
   size_t MaxNewSize                               = 715653120                                 {product} {ergonomic}
   size_t MinHeapDeltaBytes                        = 524288                                    {product} {ergonomic}
   size_t MinHeapSize                              = 104857600                                 {product} {command line}
   size_t NewSize                                  = 34603008                                  {product} {ergonomic}
    uintx NonNMethodCodeHeapSize                   = 5839372                                {pd product} {ergonomic}
    uintx NonProfiledCodeHeapSize                  = 122909434                              {pd product} {ergonomic}
   size_t OldSize                                  = 70254592                                  {product} {ergonomic}
    uintx ProfiledCodeHeapSize                     = 122909434                              {pd product} {ergonomic}
    uintx ReservedCodeCacheSize                    = 251658240                              {pd product} {ergonomic}
     bool SegmentedCodeCache                       = true                                      {product} {ergonomic}
   size_t SoftMaxHeapSize                          = 2147483648                             {manageable} {ergonomic}
     bool UseCompressedOops                        = true                           {product lp64_product} {ergonomic}
     bool UseLargePagesIndividualAllocation        = false                                  {pd product} {ergonomic}
     bool UseParallelGC                            = true                                      {product} {command line}

Logging:
Log output configuration:
 #0: stdout all=off uptime,level,tags foldmultilines=false
 #1: stderr all=off uptime,level,tags foldmultilines=false

Release file:
<release file has not been read>
Environment Variables:
JAVA_HOME=C:\Program Files\Java\jdk-14.0.2
PATH=C:\Program Files\Common Files\Oracle\Java\javapath;E:\vm\bin\;C:\Python310\Scripts\;C:\Python310\;C:\WINDOWS\system32;C:\WINDOWS;C:\WINDOWS\System32\Wbem;C:\WINDOWS\System32\WindowsPowerShell\v1.0\;C:\WINDOWS\System32\OpenSSH\;C:\ProgramData\chocolatey\bin;C:\Program Files\Notepad++;C:\php-8.0.24-Win32-vs16-x64;C:\Program Files\Git\cmd;C:\Maven\apache-maven-3.9.11\bin;C:\Program Files\nodejs\;C:\Users\Seema\AppData\Local\Microsoft\WindowsApps;C:\Program Files\heroku\bin;D:\intelij\IntelliJ IDEA Community Edition 2021.3\bin;;C:\MinGW\bin;E:\PyCharm Community Edition 2022.1.3\bin;;C:\MinGW\bin;C:\Program Files\JetBrains\IntelliJ IDEA 2025.2.1\bin;C:\Users\Seema\AppData\Roaming\npm
USERNAME=Seema
OS=Windows_NT
PROCESSOR_IDENTIFIER=Intel64 Family 6 Model 140 Stepping 2, GenuineIntel
TMP=C:\Users\Seema\AppData\Local\Temp
TEMP=C:\Users\Seema\AppData\Local\Temp




Periodic native trim disabled

---------------  S Y S T E M  ---------------

OS:
 Windows 11 , 64 bit Build 22621 (10.0.22621.4974)
OS uptime: 4 days 23:25 hours

CPU: total 8 (initial active 8) (4 cores per cpu, 2 threads per core) family 6 model 140 stepping 2 microcode 0x16, cx8, cmov, fxsr, ht, mmx, 3dnowpref, sse, sse2, sse3, ssse3, sse4.1, sse4.2, popcnt, lzcnt, tsc, tscinvbit, avx, avx2, aes, erms, clmul, bmi1, bmi2, adx, avx512f, avx512dq, avx512cd, avx512bw, avx512vl, sha, fma, vzeroupper, avx512_vpopcntdq, avx512_vpclmulqdq, avx512_vaes, avx512_vnni, clflush, clflushopt, clwb, avx512_vbmi2, avx512_vbmi, rdtscp, rdpid, fsrm, gfni, avx512_bitalg, f16c, pku, cet_ibt, cet_ss, avx512_ifma
Processor Information for processor 0
  Max Mhz: 2496, Current Mhz: 2496, Mhz Limit: 2496
Processor Information for processor 1
  Max Mhz: 2496, Current Mhz: 2496, Mhz Limit: 2496
Processor Information for processor 2
  Max Mhz: 2496, Current Mhz: 2496, Mhz Limit: 2496
Processor Information for processor 3
  Max Mhz: 2496, Current Mhz: 2496, Mhz Limit: 2496
Processor Information for processor 4
  Max Mhz: 2496, Current Mhz: 2496, Mhz Limit: 2496
Processor Information for processor 5
  Max Mhz: 2496, Current Mhz: 2496, Mhz Limit: 2496
Processor Information for processor 6
  Max Mhz: 2496, Current Mhz: 1497, Mhz Limit: 2496
Processor Information for processor 7
  Max Mhz: 2496, Current Mhz: 2496, Mhz Limit: 2496

Memory: 4k page, system-wide physical 16133M (4682M free)
TotalPageFile size 17176M (AvailPageFile size 5M)
current process WorkingSet (physical memory assigned to process): 25M, peak: 25M
current process commit charge ("private bytes"): 194M, peak: 195M

vm_info: OpenJDK 64-Bit Server VM (21.0.9+10-LTS) for windows-amd64 JRE (21.0.9+10-LTS), built on 2025-10-21T00:00:00Z by "admin" with unknown MS VC++:1942

END.
